<?xml version="1.0" encoding="UTF-8"?>
<testsuite xmlns:xsi="http://www.w3.org/2001/XMLSchema-instance" xsi:noNamespaceSchemaLocation="https://maven.apache.org/surefire/maven-surefire-plugin/xsd/surefire-test-report.xsd" version="3.0.2" name="com.saktas.productservice.ProductserviceApplicationTests" time="0.007" tests="1" errors="0" skipped="0" failures="0">
  <properties>
[...]
</properties>
  <testcase name="contextLoads" classname="com.saktas.productservice.ProductserviceApplicationTests" time="0.003">
    <system-out><![CDATA[2025-06-03T17:30:11.186+03:00  INFO 22315 --- [productservice] [           main] t.c.s.AnnotationConfigContextLoaderUtils : Could not detect default configuration classes for test class [com.saktas.productservice.ProductserviceApplicationTests]: ProductserviceApplicationTests does not declare any static, non-private, non-final, nested classes annotated with @Configuration.
2025-06-03T17:30:11.187+03:00  INFO 22315 --- [productservice] [           main] .b.t.c.SpringBootTestContextBootstrapper : Found @SpringBootConfiguration com.saktas.productservice.ProductserviceApplication for test class com.saktas.productservice.ProductserviceApplicationTests
]]></system-out>
  </testcase>
</testsuite>